生成启动时间为 2018/4/21 19:56:48。
     1>项目“E:\常用\桌面\201635700302git\homework10（2）\homework10（2）\homework10（2）.vcxproj”在节点 2 上(build 个目标)。
     1>PrepareForBuild:
         正在创建目录“E:\常用\桌面\201635700302git\homework10（2）\Debug\”。
       InitializeBuildStatus:
         正在创建“Debug\homework10（2）.unsuccessfulbuild”，因为已指定“AlwaysCreate”。
       ClCompile:
         D:\vs\VC\bin\CL.exe /c /ZI /nologo /W3 /WX- /Od /Oy- /D WIN32 /D _DEBUG /D _CONSOLE /D _UNICODE /D UNICODE /Gm /EHsc /RTC1 /MDd /GS /fp:precise /Zc:wchar_t /Zc:forScope /Fo"Debug\\" /Fd"Debug\vc100.pdb" /Gd /TC /analyze- /errorReport:prompt "homework10（2）.c"
         homework10（2）.c
     1>e:\常用\桌面\201635700302git\homework10（2）\homework10（2）\homework10（2）.c(7): warning C4996: 'scanf': This function or variable may be unsafe. Consider using scanf_s instead. To disable deprecation, use _CRT_SECURE_NO_WARNINGS. See online help for details.
                 d:\vs\vc\include\stdio.h(304) : 参见“scanf”的声明
     1>e:\常用\桌面\201635700302git\homework10（2）\homework10（2）\homework10（2）.c(13): warning C4244: “=”: 从“double”转换到“int”，可能丢失数据
     1>e:\常用\桌面\201635700302git\homework10（2）\homework10（2）\homework10（2）.c(16): warning C4552: “+”: 运算符不起任何作用；应输入带副作用的运算符
     1>e:\常用\桌面\201635700302git\homework10（2）\homework10（2）\homework10（2）.c(21): warning C4552: “+”: 运算符不起任何作用；应输入带副作用的运算符
     1>e:\常用\桌面\201635700302git\homework10（2）\homework10（2）\homework10（2）.c(26): warning C4552: “+”: 运算符不起任何作用；应输入带副作用的运算符
     1>e:\常用\桌面\201635700302git\homework10（2）\homework10（2）\homework10（2）.c(35): warning C4552: “+”: 运算符不起任何作用；应输入带副作用的运算符
     1>e:\常用\桌面\201635700302git\homework10（2）\homework10（2）\homework10（2）.c(38): warning C4552: “+”: 运算符不起任何作用；应输入带副作用的运算符
     1>e:\常用\桌面\201635700302git\homework10（2）\homework10（2）\homework10（2）.c(5): warning C4700: 使用了未初始化的局部变量“a”
       ManifestResourceCompile:
         C:\Program Files (x86)\Microsoft SDKs\Windows\v7.0A\bin\rc.exe /nologo /fo"Debug\homework10（2）.exe.embed.manifest.res" "Debug\homework10（2）_manifest.rc" 
       Link:
         D:\vs\VC\bin\link.exe /ERRORREPORT:PROMPT /OUT:"E:\常用\桌面\201635700302git\homework10（2）\Debug\homework10（2）.exe" /INCREMENTAL /NOLOGO kernel32.lib user32.lib gdi32.lib winspool.lib comdlg32.lib advapi32.lib shell32.lib ole32.lib oleaut32.lib uuid.lib odbc32.lib odbccp32.lib /MANIFEST /ManifestFile:"Debug\homework10（2）.exe.intermediate.manifest" /MANIFESTUAC:"level='asInvoker' uiAccess='false'" /DEBUG /PDB:"E:\常用\桌面\201635700302git\homework10（2）\Debug\homework10（2）.pdb" /SUBSYSTEM:CONSOLE /TLBID:1 /DYNAMICBASE /NXCOMPAT /IMPLIB:"E:\常用\桌面\201635700302git\homework10（2）\Debug\homework10（2）.lib" /MACHINE:X86 "Debug\homework10（2）.exe.embed.manifest.res"
         "Debug\homework10（2）.obj"
       Manifest:
         C:\Program Files (x86)\Microsoft SDKs\Windows\v7.0A\bin\mt.exe /nologo /verbose /out:"Debug\homework10（2）.exe.embed.manifest" /manifest "Debug\homework10（2）.exe.intermediate.manifest"
         C:\Program Files (x86)\Microsoft SDKs\Windows\v7.0A\bin\rc.exe /nologo /fo"Debug\homework10（2）.exe.embed.manifest.res" "Debug\homework10（2）_manifest.rc" 
       LinkEmbedManifest:
         D:\vs\VC\bin\link.exe /ERRORREPORT:PROMPT /OUT:"E:\常用\桌面\201635700302git\homework10（2）\Debug\homework10（2）.exe" /INCREMENTAL /NOLOGO kernel32.lib user32.lib gdi32.lib winspool.lib comdlg32.lib advapi32.lib shell32.lib ole32.lib oleaut32.lib uuid.lib odbc32.lib odbccp32.lib /MANIFEST /ManifestFile:"Debug\homework10（2）.exe.intermediate.manifest" /MANIFESTUAC:"level='asInvoker' uiAccess='false'" /DEBUG /PDB:"E:\常用\桌面\201635700302git\homework10（2）\Debug\homework10（2）.pdb" /SUBSYSTEM:CONSOLE /TLBID:1 /DYNAMICBASE /NXCOMPAT /IMPLIB:"E:\常用\桌面\201635700302git\homework10（2）\Debug\homework10（2）.lib" /MACHINE:X86 "Debug\homework10（2）.exe.embed.manifest.res"
         "Debug\homework10（2）.obj"
         homework10（2）.vcxproj -> E:\常用\桌面\201635700302git\homework10（2）\Debug\homework10（2）.exe
       FinalizeBuildStatus:
         正在删除文件“Debug\homework10（2）.unsuccessfulbuild”。
         正在对“Debug\homework10（2）.lastbuildstate”执行 Touch 任务。
     1>已完成生成项目“E:\常用\桌面\201635700302git\homework10（2）\homework10（2）\homework10（2）.vcxproj”(build 个目标)的操作。

生成成功。

已用时间 00:00:00.95
