生成启动时间为 2018/4/21 19:34:22。
     1>项目“E:\常用\桌面\201635700302git\homework10（1）\homework10（1）\homework10（1）.vcxproj”在节点 2 上(build 个目标)。
     1>InitializeBuildStatus:
         正在对“Debug\homework10（1）.unsuccessfulbuild”执行 Touch 任务。
       ClCompile:
         D:\vs\VC\bin\CL.exe /c /ZI /nologo /W3 /WX- /Od /Oy- /D WIN32 /D _DEBUG /D _CONSOLE /D _UNICODE /D UNICODE /Gm /EHsc /RTC1 /MDd /GS /fp:precise /Zc:wchar_t /Zc:forScope /Fo"Debug\\" /Fd"Debug\vc100.pdb" /Gd /TC /analyze- /errorReport:prompt "homework10（1）.c"
         homework10（1）.c
     1>e:\常用\桌面\201635700302git\homework10（1）\homework10（1）\homework10（1）.c(6): warning C4996: 'scanf': This function or variable may be unsafe. Consider using scanf_s instead. To disable deprecation, use _CRT_SECURE_NO_WARNINGS. See online help for details.
                 d:\vs\vc\include\stdio.h(304) : 参见“scanf”的声明
     1>e:\常用\桌面\201635700302git\homework10（1）\homework10（1）\homework10（1）.c(8): warning C4244: “=”: 从“double”转换到“int”，可能丢失数据
     1>e:\常用\桌面\201635700302git\homework10（1）\homework10（1）\homework10（1）.c(10): warning C4244: “=”: 从“double”转换到“int”，可能丢失数据
     1>e:\常用\桌面\201635700302git\homework10（1）\homework10（1）\homework10（1）.c(12): warning C4244: “=”: 从“double”转换到“int”，可能丢失数据
     1>e:\常用\桌面\201635700302git\homework10（1）\homework10（1）\homework10（1）.c(14): warning C4244: “=”: 从“double”转换到“int”，可能丢失数据
     1>e:\常用\桌面\201635700302git\homework10（1）\homework10（1）\homework10（1）.c(16): warning C4244: “=”: 从“double”转换到“int”，可能丢失数据
     1>e:\常用\桌面\201635700302git\homework10（1）\homework10（1）\homework10（1）.c(18): warning C4244: “=”: 从“double”转换到“int”，可能丢失数据
       ManifestResourceCompile:
         C:\Program Files (x86)\Microsoft SDKs\Windows\v7.0A\bin\rc.exe /nologo /fo"Debug\homework10（1）.exe.embed.manifest.res" "Debug\homework10（1）_manifest.rc" 
       Link:
         D:\vs\VC\bin\link.exe /ERRORREPORT:PROMPT /OUT:"E:\常用\桌面\201635700302git\homework10（1）\Debug\homework10（1）.exe" /INCREMENTAL /NOLOGO kernel32.lib user32.lib gdi32.lib winspool.lib comdlg32.lib advapi32.lib shell32.lib ole32.lib oleaut32.lib uuid.lib odbc32.lib odbccp32.lib /MANIFEST /ManifestFile:"Debug\homework10（1）.exe.intermediate.manifest" /MANIFESTUAC:"level='asInvoker' uiAccess='false'" /DEBUG /PDB:"E:\常用\桌面\201635700302git\homework10（1）\Debug\homework10（1）.pdb" /SUBSYSTEM:CONSOLE /TLBID:1 /DYNAMICBASE /NXCOMPAT /IMPLIB:"E:\常用\桌面\201635700302git\homework10（1）\Debug\homework10（1）.lib" /MACHINE:X86 "Debug\homework10（1）.exe.embed.manifest.res"
         "Debug\homework10（1）.obj"
       Manifest:
         C:\Program Files (x86)\Microsoft SDKs\Windows\v7.0A\bin\mt.exe /nologo /verbose /out:"Debug\homework10（1）.exe.embed.manifest" /manifest "Debug\homework10（1）.exe.intermediate.manifest"
         C:\Program Files (x86)\Microsoft SDKs\Windows\v7.0A\bin\rc.exe /nologo /fo"Debug\homework10（1）.exe.embed.manifest.res" "Debug\homework10（1）_manifest.rc" 
       LinkEmbedManifest:
         D:\vs\VC\bin\link.exe /ERRORREPORT:PROMPT /OUT:"E:\常用\桌面\201635700302git\homework10（1）\Debug\homework10（1）.exe" /INCREMENTAL /NOLOGO kernel32.lib user32.lib gdi32.lib winspool.lib comdlg32.lib advapi32.lib shell32.lib ole32.lib oleaut32.lib uuid.lib odbc32.lib odbccp32.lib /MANIFEST /ManifestFile:"Debug\homework10（1）.exe.intermediate.manifest" /MANIFESTUAC:"level='asInvoker' uiAccess='false'" /DEBUG /PDB:"E:\常用\桌面\201635700302git\homework10（1）\Debug\homework10（1）.pdb" /SUBSYSTEM:CONSOLE /TLBID:1 /DYNAMICBASE /NXCOMPAT /IMPLIB:"E:\常用\桌面\201635700302git\homework10（1）\Debug\homework10（1）.lib" /MACHINE:X86 "Debug\homework10（1）.exe.embed.manifest.res"
         "Debug\homework10（1）.obj"
         homework10（1）.vcxproj -> E:\常用\桌面\201635700302git\homework10（1）\Debug\homework10（1）.exe
       FinalizeBuildStatus:
         正在删除文件“Debug\homework10（1）.unsuccessfulbuild”。
         正在对“Debug\homework10（1）.lastbuildstate”执行 Touch 任务。
     1>已完成生成项目“E:\常用\桌面\201635700302git\homework10（1）\homework10（1）\homework10（1）.vcxproj”(build 个目标)的操作。

生成成功。

已用时间 00:00:00.92
