生成启动时间为 2018/6/14 21:23:18。
     1>项目“C:\Users\CJL的超级电脑\201635700302git\homework5.5\homework5.5\homework5.5.vcxproj”在节点 2 上(build 个目标)。
     1>PrepareForBuild:
         正在创建目录“C:\Users\CJL的超级电脑\201635700302git\homework5.5\Debug\”。
       InitializeBuildStatus:
         正在创建“Debug\homework5.5.unsuccessfulbuild”，因为已指定“AlwaysCreate”。
       ClCompile:
         D:\vs\VC\bin\CL.exe /c /ZI /nologo /W3 /WX- /Od /Oy- /D WIN32 /D _DEBUG /D _CONSOLE /D _UNICODE /D UNICODE /Gm /EHsc /RTC1 /MDd /GS /fp:precise /Zc:wchar_t /Zc:forScope /Fo"Debug\\" /Fd"Debug\vc100.pdb" /Gd /TC /analyze- /errorReport:prompt homework5.5.c
         homework5.5.c
     1>c:\users\cjl的超级电脑\201635700302git\homework5.5\homework5.5\homework5.5.c(6): warning C4996: 'scanf': This function or variable may be unsafe. Consider using scanf_s instead. To disable deprecation, use _CRT_SECURE_NO_WARNINGS. See online help for details.
                 d:\vs\vc\include\stdio.h(304) : 参见“scanf”的声明
     1>c:\users\cjl的超级电脑\201635700302git\homework5.5\homework5.5\homework5.5.c(8): warning C4996: 'scanf': This function or variable may be unsafe. Consider using scanf_s instead. To disable deprecation, use _CRT_SECURE_NO_WARNINGS. See online help for details.
                 d:\vs\vc\include\stdio.h(304) : 参见“scanf”的声明
     1>c:\users\cjl的超级电脑\201635700302git\homework5.5\homework5.5\homework5.5.c(4): warning C4101: “j”: 未引用的局部变量
       ManifestResourceCompile:
         C:\Program Files (x86)\Microsoft SDKs\Windows\v7.0A\bin\rc.exe /nologo /fo"Debug\homework5.5.exe.embed.manifest.res" Debug\homework5.5_manifest.rc 
       Link:
         D:\vs\VC\bin\link.exe /ERRORREPORT:PROMPT /OUT:"C:\Users\CJL的超级电脑\201635700302git\homework5.5\Debug\homework5.5.exe" /INCREMENTAL /NOLOGO kernel32.lib user32.lib gdi32.lib winspool.lib comdlg32.lib advapi32.lib shell32.lib ole32.lib oleaut32.lib uuid.lib odbc32.lib odbccp32.lib /MANIFEST /ManifestFile:"Debug\homework5.5.exe.intermediate.manifest" /MANIFESTUAC:"level='asInvoker' uiAccess='false'" /DEBUG /PDB:"C:\Users\CJL的超级电脑\201635700302git\homework5.5\Debug\homework5.5.pdb" /SUBSYSTEM:CONSOLE /TLBID:1 /DYNAMICBASE /NXCOMPAT /IMPLIB:"C:\Users\CJL的超级电脑\201635700302git\homework5.5\Debug\homework5.5.lib" /MACHINE:X86 Debug\homework5.5.exe.embed.manifest.res
         Debug\homework5.5.obj
       Manifest:
         C:\Program Files (x86)\Microsoft SDKs\Windows\v7.0A\bin\mt.exe /nologo /verbose /out:"Debug\homework5.5.exe.embed.manifest" /manifest Debug\homework5.5.exe.intermediate.manifest
         C:\Program Files (x86)\Microsoft SDKs\Windows\v7.0A\bin\rc.exe /nologo /fo"Debug\homework5.5.exe.embed.manifest.res" Debug\homework5.5_manifest.rc 
       LinkEmbedManifest:
         D:\vs\VC\bin\link.exe /ERRORREPORT:PROMPT /OUT:"C:\Users\CJL的超级电脑\201635700302git\homework5.5\Debug\homework5.5.exe" /INCREMENTAL /NOLOGO kernel32.lib user32.lib gdi32.lib winspool.lib comdlg32.lib advapi32.lib shell32.lib ole32.lib oleaut32.lib uuid.lib odbc32.lib odbccp32.lib /MANIFEST /ManifestFile:"Debug\homework5.5.exe.intermediate.manifest" /MANIFESTUAC:"level='asInvoker' uiAccess='false'" /DEBUG /PDB:"C:\Users\CJL的超级电脑\201635700302git\homework5.5\Debug\homework5.5.pdb" /SUBSYSTEM:CONSOLE /TLBID:1 /DYNAMICBASE /NXCOMPAT /IMPLIB:"C:\Users\CJL的超级电脑\201635700302git\homework5.5\Debug\homework5.5.lib" /MACHINE:X86 Debug\homework5.5.exe.embed.manifest.res
         Debug\homework5.5.obj
         homework5.5.vcxproj -> C:\Users\CJL的超级电脑\201635700302git\homework5.5\Debug\homework5.5.exe
       FinalizeBuildStatus:
         正在删除文件“Debug\homework5.5.unsuccessfulbuild”。
         正在对“Debug\homework5.5.lastbuildstate”执行 Touch 任务。
     1>已完成生成项目“C:\Users\CJL的超级电脑\201635700302git\homework5.5\homework5.5\homework5.5.vcxproj”(build 个目标)的操作。

生成成功。

已用时间 00:00:04.09
